[ERROR]: Fri Dec 29 14:27:33 CET 2017 - cannot find PostgreSQL JDBC driver
java.lang.ClassNotFoundException: org.postgresql.Driver
java.base/jdk.internal.loader.BuiltinClassLoader.loadClass(BuiltinClassLoader.java:582)
java.base/jdk.internal.loader.ClassLoaders$AppClassLoader.loadClass(ClassLoaders.java:185)
java.base/java.lang.ClassLoader.loadClass(ClassLoader.java:496)
java.base/java.lang.Class.forName0(Native Method)
java.base/java.lang.Class.forName(Class.java:292)
database.Database.connectToPostgresDatabase(Database.java:149)
extractum.ExtractumController.connectToDatabase(ExtractumController.java:388)
gui.Extractum.checkDbConnection(Extractum.java:87)
gui.DatabaseSettings.jButtonCheckActionPerformed(DatabaseSettings.java:209)
gui.DatabaseSettings.access$100(DatabaseSettings.java:26)
gui.DatabaseSettings$2.actionPerformed(DatabaseSettings.java:102)
java.desktop/javax.swing.AbstractButton.fireActionPerformed(AbstractButton.java:1967)
java.desktop/javax.swing.AbstractButton$Handler.actionPerformed(AbstractButton.java:2308)
java.desktop/javax.swing.DefaultButtonModel.fireActionPerformed(DefaultButtonModel.java:405)
java.desktop/javax.swing.DefaultButtonModel.setPressed(DefaultButtonModel.java:262)
java.desktop/javax.swing.plaf.basic.BasicButtonListener.mouseReleased(BasicButtonListener.java:269)
java.desktop/java.awt.Component.processMouseEvent(Component.java:6578)
java.desktop/javax.swing.JComponent.processMouseEvent(JComponent.java:3343)
java.desktop/java.awt.Component.processEvent(Component.java:6343)
java.desktop/java.awt.Container.processEvent(Container.java:2259)
java.desktop/java.awt.Component.dispatchEventImpl(Component.java:4961)
java.desktop/java.awt.Container.dispatchEventImpl(Container.java:2317)
java.desktop/java.awt.Component.dispatchEvent(Component.java:4793)
java.desktop/java.awt.LightweightDispatcher.retargetMouseEvent(Container.java:4904)
java.desktop/java.awt.LightweightDispatcher.processMouseEvent(Container.java:4539)
java.desktop/java.awt.LightweightDispatcher.dispatchEvent(Container.java:4480)
java.desktop/java.awt.Container.dispatchEventImpl(Container.java:2303)
java.desktop/java.awt.Window.dispatchEventImpl(Window.java:2758)
java.desktop/java.awt.Component.dispatchEvent(Component.java:4793)
java.desktop/java.awt.EventQueue.dispatchEventImpl(EventQueue.java:766)
java.desktop/java.awt.EventQueue.access$500(EventQueue.java:97)
java.desktop/java.awt.EventQueue$3.run(EventQueue.java:717)
java.desktop/java.awt.EventQueue$3.run(EventQueue.java:711)
java.base/java.security.AccessController.doPrivileged(Native Method)
java.base/java.security.ProtectionDomain$JavaSecurityAccessImpl.doIntersectionPrivilege(ProtectionDomain.java:89)
java.base/java.security.ProtectionDomain$JavaSecurityAccessImpl.doIntersectionPrivilege(ProtectionDomain.java:99)
java.desktop/java.awt.EventQueue$4.run(EventQueue.java:739)
java.desktop/java.awt.EventQueue$4.run(EventQueue.java:737)
java.base/java.security.AccessController.doPrivileged(Native Method)
java.base/java.security.ProtectionDomain$JavaSecurityAccessImpl.doIntersectionPrivilege(ProtectionDomain.java:89)
java.desktop/java.awt.EventQueue.dispatchEvent(EventQueue.java:736)
java.desktop/java.awt.EventDispatchThread.pumpOneEventForFilters(EventDispatchThread.java:199)
java.desktop/java.awt.EventDispatchThread.pumpEventsForFilter(EventDispatchThread.java:124)
java.desktop/java.awt.EventDispatchThread.pumpEventsForFilter(EventDispatchThread.java:117)
java.desktop/java.awt.WaitDispatchSupport$2.run(WaitDispatchSupport.java:190)
java.desktop/java.awt.WaitDispatchSupport$4.run(WaitDispatchSupport.java:235)
java.desktop/java.awt.WaitDispatchSupport$4.run(WaitDispatchSupport.java:233)
java.base/java.security.AccessController.doPrivileged(Native Method)
java.desktop/java.awt.WaitDispatchSupport.enter(WaitDispatchSupport.java:233)
java.desktop/java.awt.Dialog.show(Dialog.java:1070)
java.desktop/java.awt.Component.show(Component.java:1669)
java.desktop/java.awt.Component.setVisible(Component.java:1616)
java.desktop/java.awt.Window.setVisible(Window.java:1017)
java.desktop/java.awt.Dialog.setVisible(Dialog.java:1005)
gui.Extractum.jButtonDbConnectionActionPerformed(Extractum.java:504)
gui.Extractum.access$600(Extractum.java:41)
gui.Extractum$8.actionPerformed(Extractum.java:294)
java.desktop/javax.swing.AbstractButton.fireActionPerformed(AbstractButton.java:1967)
java.desktop/javax.swing.AbstractButton$Handler.actionPerformed(AbstractButton.java:2308)
java.desktop/javax.swing.DefaultButtonModel.fireActionPerformed(DefaultButtonModel.java:405)
java.desktop/javax.swing.DefaultButtonModel.setPressed(DefaultButtonModel.java:262)
java.desktop/javax.swing.plaf.basic.BasicButtonListener.mouseReleased(BasicButtonListener.java:269)
java.desktop/java.awt.Component.processMouseEvent(Component.java:6578)
java.desktop/javax.swing.JComponent.processMouseEvent(JComponent.java:3343)
java.desktop/java.awt.Component.processEvent(Component.java:6343)
java.desktop/java.awt.Container.processEvent(Container.java:2259)
java.desktop/java.awt.Component.dispatchEventImpl(Component.java:4961)
java.desktop/java.awt.Container.dispatchEventImpl(Container.java:2317)
java.desktop/java.awt.Component.dispatchEvent(Component.java:4793)
java.desktop/java.awt.LightweightDispatcher.retargetMouseEvent(Container.java:4904)
java.desktop/java.awt.LightweightDispatcher.processMouseEvent(Container.java:4539)
java.desktop/java.awt.LightweightDispatcher.dispatchEvent(Container.java:4480)
java.desktop/java.awt.Container.dispatchEventImpl(Container.java:2303)
java.desktop/java.awt.Window.dispatchEventImpl(Window.java:2758)
java.desktop/java.awt.Component.dispatchEvent(Component.java:4793)
java.desktop/java.awt.EventQueue.dispatchEventImpl(EventQueue.java:766)
java.desktop/java.awt.EventQueue.access$500(EventQueue.java:97)
java.desktop/java.awt.EventQueue$3.run(EventQueue.java:717)
java.desktop/java.awt.EventQueue$3.run(EventQueue.java:711)
java.base/java.security.AccessController.doPrivileged(Native Method)
java.base/java.security.ProtectionDomain$JavaSecurityAccessImpl.doIntersectionPrivilege(ProtectionDomain.java:89)
java.base/java.security.ProtectionDomain$JavaSecurityAccessImpl.doIntersectionPrivilege(ProtectionDomain.java:99)
java.desktop/java.awt.EventQueue$4.run(EventQueue.java:739)
java.desktop/java.awt.EventQueue$4.run(EventQueue.java:737)
java.base/java.security.AccessController.doPrivileged(Native Method)
java.base/java.security.ProtectionDomain$JavaSecurityAccessImpl.doIntersectionPrivilege(ProtectionDomain.java:89)
java.desktop/java.awt.EventQueue.dispatchEvent(EventQueue.java:736)
java.desktop/java.awt.EventDispatchThread.pumpOneEventForFilters(EventDispatchThread.java:199)
java.desktop/java.awt.EventDispatchThread.pumpEventsForFilter(EventDispatchThread.java:124)
java.desktop/java.awt.EventDispatchThread.pumpEventsForHierarchy(EventDispatchThread.java:113)
java.desktop/java.awt.EventDispatchThread.pumpEvents(EventDispatchThread.java:109)
java.desktop/java.awt.EventDispatchThread.pumpEvents(EventDispatchThread.java:101)
java.desktop/java.awt.EventDispatchThread.run(EventDispatchThread.java:90)
